<?xml version="1.0" encoding="UTF-8"?>
<testng-results ignored="0" total="2" passed="2" failed="0" skipped="0">
  <reporter-output>
  </reporter-output>
  <suite started-at="2025-05-30T11:43:39 IST" name="Suite" finished-at="2025-05-30T11:43:53 IST" duration-ms="13144">
    <groups>
      <group name="Master">
        <method signature="AccountLogin.account_login()[pri:0, instance:testCases1.AccountLogin@2b0f373b]" name="account_login" class="testCases1.AccountLogin"/>
      </group> <!-- Master -->
      <group name="Sanity">
        <method signature="AccountRegistrationTest1.verify_account_registration()[pri:0, instance:testCases1.AccountRegistrationTest1@6ff65192]" name="verify_account_registration" class="testCases1.AccountRegistrationTest1"/>
      </group> <!-- Sanity -->
      <group name="Regression">
        <method signature="AccountLogin.account_login()[pri:0, instance:testCases1.AccountLogin@2b0f373b]" name="account_login" class="testCases1.AccountLogin"/>
        <method signature="AccountRegistrationTest1.verify_account_registration()[pri:0, instance:testCases1.AccountRegistrationTest1@6ff65192]" name="verify_account_registration" class="testCases1.AccountRegistrationTest1"/>
      </group> <!-- Regression -->
    </groups>
    <test started-at="2025-05-30T11:43:39 IST" name="Test" finished-at="2025-05-30T11:43:53 IST" duration-ms="13144">
      <class name="testCases1.AccountLogin">
        <test-method is-config="true" signature="setup(java.lang.String,java.lang.String)[pri:0, instance:testCases1.AccountLogin@2b0f373b]" started-at="2025-05-30T11:43:46 IST" name="setup" finished-at="2025-05-30T11:43:51 IST" duration-ms="5378" status="PASS">
          <params>
            <param index="0">
              <value>
                <![CDATA[windows]]>
              </value>
            </param>
            <param index="1">
              <value>
                <![CDATA[chrome]]>
              </value>
            </param>
          </params>
          <reporter-output>
          </reporter-output>
        </test-method> <!-- setup -->
        <test-method signature="account_login()[pri:0, instance:testCases1.AccountLogin@2b0f373b]" started-at="2025-05-30T11:43:51 IST" name="account_login" finished-at="2025-05-30T11:43:52 IST" duration-ms="880" status="PASS">
          <reporter-output>
          </reporter-output>
        </test-method> <!-- account_login -->
        <test-method is-config="true" signature="quit()[pri:0, instance:testCases1.AccountLogin@2b0f373b]" started-at="2025-05-30T11:43:52 IST" name="quit" finished-at="2025-05-30T11:43:53 IST" duration-ms="260" status="PASS">
          <reporter-output>
          </reporter-output>
        </test-method> <!-- quit -->
      </class> <!-- testCases1.AccountLogin -->
      <class name="testCases1.AccountRegistrationTest1">
        <test-method is-config="true" signature="setup(java.lang.String,java.lang.String)[pri:0, instance:testCases1.AccountRegistrationTest1@6ff65192]" started-at="2025-05-30T11:43:40 IST" name="setup" finished-at="2025-05-30T11:43:44 IST" duration-ms="4699" status="PASS">
          <params>
            <param index="0">
              <value>
                <![CDATA[windows]]>
              </value>
            </param>
            <param index="1">
              <value>
                <![CDATA[chrome]]>
              </value>
            </param>
          </params>
          <reporter-output>
          </reporter-output>
        </test-method> <!-- setup -->
        <test-method signature="verify_account_registration()[pri:0, instance:testCases1.AccountRegistrationTest1@6ff65192]" started-at="2025-05-30T11:43:44 IST" name="verify_account_registration" finished-at="2025-05-30T11:43:46 IST" duration-ms="1360" status="PASS">
          <reporter-output>
          </reporter-output>
        </test-method> <!-- verify_account_registration -->
        <test-method is-config="true" signature="quit()[pri:0, instance:testCases1.AccountRegistrationTest1@6ff65192]" started-at="2025-05-30T11:43:46 IST" name="quit" finished-at="2025-05-30T11:43:46 IST" duration-ms="338" status="PASS">
          <reporter-output>
          </reporter-output>
        </test-method> <!-- quit -->
      </class> <!-- testCases1.AccountRegistrationTest1 -->
    </test> <!-- Test -->
  </suite> <!-- Suite -->
</testng-results>
