<?xml version="1.0" encoding="UTF-8"?>
<testng-results ignored="0" total="2" passed="2" failed="0" skipped="0">
  <reporter-output>
  </reporter-output>
  <suite started-at="2025-05-28T12:06:59 IST" name="Suite" finished-at="2025-05-28T12:07:17 IST" duration-ms="18184">
    <groups>
      <group name="Master">
        <method signature="AccountLogin.account_login()[pri:0, instance:testCases1.AccountLogin@6bea52d4]" name="account_login" class="testCases1.AccountLogin"/>
      </group> <!-- Master -->
      <group name="Sanity">
        <method signature="AccountRegistrationTest1.verify_account_registration()[pri:0, instance:testCases1.AccountRegistrationTest1@278bb07e]" name="verify_account_registration" class="testCases1.AccountRegistrationTest1"/>
      </group> <!-- Sanity -->
      <group name="Regression">
        <method signature="AccountLogin.account_login()[pri:0, instance:testCases1.AccountLogin@6bea52d4]" name="account_login" class="testCases1.AccountLogin"/>
        <method signature="AccountRegistrationTest1.verify_account_registration()[pri:0, instance:testCases1.AccountRegistrationTest1@278bb07e]" name="verify_account_registration" class="testCases1.AccountRegistrationTest1"/>
      </group> <!-- Regression -->
    </groups>
    <test started-at="2025-05-28T12:06:59 IST" name="Test" finished-at="2025-05-28T12:07:17 IST" duration-ms="18184">
      <class name="testCases1.AccountLogin">
        <test-method is-config="true" signature="setup(java.lang.String,java.lang.String)[pri:0, instance:testCases1.AccountLogin@6bea52d4]" started-at="2025-05-28T12:07:09 IST" name="setup" finished-at="2025-05-28T12:07:15 IST" duration-ms="6049" status="PASS">
          <params>
            <param index="0">
              <value>
                <![CDATA[windows]]>
              </value>
            </param>
            <param index="1">
              <value>
                <![CDATA[chrome]]>
              </value>
            </param>
          </params>
          <reporter-output>
          </reporter-output>
        </test-method> <!-- setup -->
        <test-method signature="account_login()[pri:0, instance:testCases1.AccountLogin@6bea52d4]" started-at="2025-05-28T12:07:15 IST" name="account_login" finished-at="2025-05-28T12:07:17 IST" duration-ms="1394" status="PASS">
          <reporter-output>
          </reporter-output>
        </test-method> <!-- account_login -->
        <test-method is-config="true" signature="quit()[pri:0, instance:testCases1.AccountLogin@6bea52d4]" started-at="2025-05-28T12:07:17 IST" name="quit" finished-at="2025-05-28T12:07:17 IST" duration-ms="239" status="PASS">
          <reporter-output>
          </reporter-output>
        </test-method> <!-- quit -->
      </class> <!-- testCases1.AccountLogin -->
      <class name="testCases1.AccountRegistrationTest1">
        <test-method is-config="true" signature="setup(java.lang.String,java.lang.String)[pri:0, instance:testCases1.AccountRegistrationTest1@278bb07e]" started-at="2025-05-28T12:06:59 IST" name="setup" finished-at="2025-05-28T12:07:05 IST" duration-ms="5882" status="PASS">
          <params>
            <param index="0">
              <value>
                <![CDATA[windows]]>
              </value>
            </param>
            <param index="1">
              <value>
                <![CDATA[chrome]]>
              </value>
            </param>
          </params>
          <reporter-output>
          </reporter-output>
        </test-method> <!-- setup -->
        <test-method signature="verify_account_registration()[pri:0, instance:testCases1.AccountRegistrationTest1@278bb07e]" started-at="2025-05-28T12:07:05 IST" name="verify_account_registration" finished-at="2025-05-28T12:07:09 IST" duration-ms="4098" status="PASS">
          <reporter-output>
          </reporter-output>
        </test-method> <!-- verify_account_registration -->
        <test-method is-config="true" signature="quit()[pri:0, instance:testCases1.AccountRegistrationTest1@278bb07e]" started-at="2025-05-28T12:07:09 IST" name="quit" finished-at="2025-05-28T12:07:09 IST" duration-ms="280" status="PASS">
          <reporter-output>
          </reporter-output>
        </test-method> <!-- quit -->
      </class> <!-- testCases1.AccountRegistrationTest1 -->
    </test> <!-- Test -->
  </suite> <!-- Suite -->
</testng-results>
